# JRE version: Java(TM) SE Runtime Environment (8.0_102-b14) (build 1.8.0_102-b14)
# Java VM: Java HotSpot(TM) Server VM (25.102-b14 mixed mode linux-x86 )
Heap:
 PSYoungGen      total 125952K, used 1673K [0xd1ac0000, 0xddc00000, 0xe7000000)
  eden space 105216K, 0% used [0xd1ac0000,0xd1ac0000,0xd8180000)
  from space 20736K, 8% used [0xdb100000,0xdb2a2600,0xdc540000)
  to   space 46336K, 0% used [0xd8180000,0xd8180000,0xdaec0000)
 ParOldGen       total 75008K, used 74877K [0xa7000000, 0xab940000, 0xd1ac0000)
  object space 75008K, 99% used [0xa7000000,0xab91f580,0xab940000)
 Metaspace       used 3943K, capacity 3974K, committed 3992K, reserved 4400K
GC Heap History (10 events):
Event: 1,350 GC heap after
Heap after GC invocations=3 (full 0):
 PSYoungGen      total 35840K, used 2545K [0xd1ac0000, 0xd60c0000, 0xe7000000)
  eden space 33280K, 0% used [0xd1ac0000,0xd1ac0000,0xd3b40000)
  from space 2560K, 99% used [0xd3b40000,0xd3dbc7a8,0xd3dc0000)
  to   space 2560K, 0% used [0xd5e40000,0xd5e40000,0xd60c0000)
 ParOldGen       total 43776K, used 7176K [0xa7000000, 0xa9ac0000, 0xd1ac0000)
  object space 43776K, 16% used [0xa7000000,0xa7702208,0xa9ac0000)
 Metaspace       used 3823K, capacity 3878K, committed 3992K, reserved 4400K
}
Event: 1,566 GC heap before
{Heap before GC invocations=4 (full 0):
 PSYoungGen      total 35840K, used 35825K [0xd1ac0000, 0xd60c0000, 0xe7000000)
  eden space 33280K, 100% used [0xd1ac0000,0xd3b40000,0xd3b40000)
  from space 2560K, 99% used [0xd3b40000,0xd3dbc7a8,0xd3dc0000)
  to   space 2560K, 0% used [0xd5e40000,0xd5e40000,0xd60c0000)
 ParOldGen       total 43776K, used 7176K [0xa7000000, 0xa9ac0000, 0xd1ac0000)
  object space 43776K, 16% used [0xa7000000,0xa7702208,0xa9ac0000)
 Metaspace       used 3838K, capacity 3878K, committed 3992K, reserved 4400K
Event: 1,599 GC heap after
Heap after GC invocations=4 (full 0):
 PSYoungGen      total 69120K, used 2557K [0xd1ac0000, 0xd60c0000, 0xe7000000)
  eden space 66560K, 0% used [0xd1ac0000,0xd1ac0000,0xd5bc0000)
  from space 2560K, 99% used [0xd5e40000,0xd60bf518,0xd60c0000)
  to   space 2560K, 0% used [0xd5bc0000,0xd5bc0000,0xd5e40000)
 ParOldGen       total 43776K, used 13217K [0xa7000000, 0xa9ac0000, 0xd1ac0000)
  object space 43776K, 30% used [0xa7000000,0xa7ce8778,0xa9ac0000)
 Metaspace       used 3838K, capacity 3878K, committed 3992K, reserved 4400K
}
Event: 3,312 GC heap before
{Heap before GC invocations=5 (full 0):
 PSYoungGen      total 69120K, used 69117K [0xd1ac0000, 0xd60c0000, 0xe7000000)
  eden space 66560K, 100% used [0xd1ac0000,0xd5bc0000,0xd5bc0000)
  from space 2560K, 99% used [0xd5e40000,0xd60bf518,0xd60c0000)
  to   space 2560K, 0% used [0xd5bc0000,0xd5bc0000,0xd5e40000)
 ParOldGen       total 43776K, used 13217K [0xa7000000, 0xa9ac0000, 0xd1ac0000)
  object space 43776K, 30% used [0xa7000000,0xa7ce8778,0xa9ac0000)
 Metaspace       used 3943K, capacity 3974K, committed 3992K, reserved 4400K
Event: 3,382 GC heap after
Heap after GC invocations=5 (full 0):
 PSYoungGen      total 69120K, used 2556K [0xd1ac0000, 0xdc540000, 0xe7000000)
  eden space 66560K, 0% used [0xd1ac0000,0xd1ac0000,0xd5bc0000)
  from space 2560K, 99% used [0xd5bc0000,0xd5e3f3c0,0xd5e40000)
  to   space 20736K, 0% used [0xdb100000,0xdb100000,0xdc540000)
 ParOldGen       total 43776K, used 32802K [0xa7000000, 0xa9ac0000, 0xd1ac0000)
  object space 43776K, 74% used [0xa7000000,0xa9008880,0xa9ac0000)
 Metaspace       used 3943K, capacity 3974K, committed 3992K, reserved 4400K
}
Event: 3,382 GC heap before
{Heap before GC invocations=6 (full 1):
 PSYoungGen      total 69120K, used 2556K [0xd1ac0000, 0xdc540000, 0xe7000000)
  eden space 66560K, 0% used [0xd1ac0000,0xd1ac0000,0xd5bc0000)
  from space 2560K, 99% used [0xd5bc0000,0xd5e3f3c0,0xd5e40000)
  to   space 20736K, 0% used [0xdb100000,0xdb100000,0xdc540000)
 ParOldGen       total 43776K, used 32802K [0xa7000000, 0xa9ac0000, 0xd1ac0000)
  object space 43776K, 74% used [0xa7000000,0xa9008880,0xa9ac0000)
 Metaspace       used 3943K, capacity 3974K, committed 3992K, reserved 4400K
Event: 3,626 GC heap after
Heap after GC invocations=6 (full 1):
 PSYoungGen      total 69120K, used 0K [0xd1ac0000, 0xdc540000, 0xe7000000)
  eden space 66560K, 0% used [0xd1ac0000,0xd1ac0000,0xd5bc0000)
  from space 2560K, 0% used [0xd5bc0000,0xd5bc0000,0xd5e40000)
  to   space 20736K, 0% used [0xdb100000,0xdb100000,0xdc540000)
 ParOldGen       total 75008K, used 31074K [0xa7000000, 0xab940000, 0xd1ac0000)
  object space 75008K, 41% used [0xa7000000,0xa8e589d0,0xab940000)
 Metaspace       used 3943K, capacity 3974K, committed 3992K, reserved 4400K
}
Event: 3,661 GC heap before
{Heap before GC invocations=7 (full 1):
 PSYoungGen      total 69120K, used 66560K [0xd1ac0000, 0xdc540000, 0xe7000000)
  eden space 66560K, 100% used [0xd1ac0000,0xd5bc0000,0xd5bc0000)
  from space 2560K, 0% used [0xd5bc0000,0xd5bc0000,0xd5e40000)
  to   space 20736K, 0% used [0xdb100000,0xdb100000,0xdc540000)
 ParOldGen       total 75008K, used 31074K [0xa7000000, 0xab940000, 0xd1ac0000)
  object space 75008K, 41% used [0xa7000000,0xa8e589d0,0xab940000)
 Metaspace       used 3943K, capacity 3974K, committed 3992K, reserved 4400K
Event: 3,734 GC heap after
Heap after GC invocations=7 (full 1):
 PSYoungGen      total 125952K, used 20722K [0xd1ac0000, 0xddc00000, 0xe7000000)
  eden space 105216K, 0% used [0xd1ac0000,0xd1ac0000,0xd8180000)
  from space 20736K, 99% used [0xdb100000,0xdc53cbc0,0xdc540000)
  to   space 46336K, 0% used [0xd8180000,0xd8180000,0xdaec0000)
 ParOldGen       total 75008K, used 68270K [0xa7000000, 0xab940000, 0xd1ac0000)
  object space 75008K, 91% used [0xa7000000,0xab2ab9d0,0xab940000)
 Metaspace       used 3943K, capacity 3974K, committed 3992K, reserved 4400K
}
Event: 3,734 GC heap before
{Heap before GC invocations=8 (full 2):
 PSYoungGen      total 125952K, used 20722K [0xd1ac0000, 0xddc00000, 0xe7000000)
  eden space 105216K, 0% used [0xd1ac0000,0xd1ac0000,0xd8180000)
  from space 20736K, 99% used [0xdb100000,0xdc53cbc0,0xdc540000)
  to   space 46336K, 0% used [0xd8180000,0xd8180000,0xdaec0000)
 ParOldGen       total 75008K, used 68270K [0xa7000000, 0xab940000, 0xd1ac0000)
  object space 75008K, 91% used [0xa7000000,0xab2ab9d0,0xab940000)
 Metaspace       used 3943K, capacity 3974K, committed 3992K, reserved 4400K

